  D3DResourceLeakChecker.cpp
  DirectXCommon.cpp
  imgui.cpp
  imgui_demo.cpp
  imgui_draw.cpp
  imgui_impl_dx12.cpp
  imgui_impl_win32.cpp
  imgui_tables.cpp
  imgui_widgets.cpp
  Input.cpp
  Logger.cpp
  main.cpp
  Model.cpp
  ModelCommon.cpp
  ModelManager.cpp
  MyMath.cpp
  Object3D.cpp
  Object3DCommon.cpp
  RenderingPipeline.cpp
  Sprite.cpp
  SpriteCommon.cpp
  StringUtility.cpp
  TextureManager.cpp
  WinApp.cpp
  CG2_01_DirectX.vcxproj -> C:\Users\k023g\Lessons\2024B\CG2_2\x64\Debug\CG2_01_DirectX.exe
          1 個のファイルをコピーしました。
          1 個のファイルをコピーしました。
